2018-04-16 15:30:37,551 - Log4JLogChute initialized using file 'velocity.log'
2018-04-16 15:30:37,552 - Initializing Velocity, Calling init()...
2018-04-16 15:30:37,552 - Starting Apache Velocity v1.7 (compiled: 2010-11-19 12:14:37)
2018-04-16 15:30:37,552 - Default Properties File: org\apache\velocity\runtime\defaults\velocity.properties
2018-04-16 15:30:37,552 - Trying to use logger class org.apache.velocity.runtime.log.AvalonLogChute
2018-04-16 15:30:37,552 - Target log system for org.apache.velocity.runtime.log.AvalonLogChute is not available (java.lang.NoClassDefFoundError: org/apache/log/format/Formatter).  Falling back to next log system...
2018-04-16 15:30:37,552 - Trying to use logger class org.apache.velocity.runtime.log.Log4JLogChute
2018-04-16 15:30:37,557 - Using logger class org.apache.velocity.runtime.log.Log4JLogChute
2018-04-16 15:30:37,568 - ResourceLoader instantiated: org.apache.velocity.runtime.resource.loader.ClasspathResourceLoader
2018-04-16 15:30:37,602 - ResourceCache: initialized (class org.apache.velocity.runtime.resource.ResourceCacheImpl) with class java.util.Collections$SynchronizedMap cache map.
2018-04-16 15:30:37,604 - Loaded System Directive: org.apache.velocity.runtime.directive.Stop
2018-04-16 15:30:37,609 - Loaded System Directive: org.apache.velocity.runtime.directive.Define
2018-04-16 15:30:37,611 - Loaded System Directive: org.apache.velocity.runtime.directive.Break
2018-04-16 15:30:37,613 - Loaded System Directive: org.apache.velocity.runtime.directive.Evaluate
2018-04-16 15:30:37,615 - Loaded System Directive: org.apache.velocity.runtime.directive.Literal
2018-04-16 15:30:37,619 - Loaded System Directive: org.apache.velocity.runtime.directive.Macro
2018-04-16 15:30:37,622 - Loaded System Directive: org.apache.velocity.runtime.directive.Parse
2018-04-16 15:30:37,624 - Loaded System Directive: org.apache.velocity.runtime.directive.Include
2018-04-16 15:30:37,627 - Loaded System Directive: org.apache.velocity.runtime.directive.Foreach
2018-04-16 15:30:37,690 - Created '20' parsers.
2018-04-16 15:30:37,706 - Velocimacro : "velocimacro.library" is not set.  Trying default library: VM_global_library.vm
2018-04-16 15:30:37,712 - Could not load resource 'VM_global_library.vm' from ResourceLoader org.apache.velocity.runtime.resource.loader.ClasspathResourceLoader: ClasspathResourceLoader Error: cannot find resource VM_global_library.vm
2018-04-16 15:30:37,712 - Velocimacro : Default library not found.
2018-04-16 15:30:37,712 - Velocimacro : allowInline = true : VMs can be defined inline in templates
2018-04-16 15:30:37,712 - Velocimacro : allowInlineToOverride = false : VMs defined inline may NOT replace previous VM definitions
2018-04-16 15:30:37,712 - Velocimacro : allowInlineLocal = false : VMs defined inline will be global in scope if allowed.
2018-04-16 15:30:37,712 - Velocimacro : autoload off : VM system will not automatically reload global library macros
2018-04-16 15:30:37,760 - ResourceManager : found /templates/entity.java.vm with loader org.apache.velocity.runtime.resource.loader.ClasspathResourceLoader
2018-04-16 15:30:37,775 - Left side (${versionFieldName}) of '==' operation has null value. If it is a reference, it may not be in the context or its toString() returned null. /templates/entity.java.vm[line 76, column 26]
2018-04-16 15:30:37,775 - Left side (${logicDeleteFieldName}) of '==' operation has null value. If it is a reference, it may not be in the context or its toString() returned null. /templates/entity.java.vm[line 80, column 30]
2018-04-16 15:30:37,776 - Left side (${versionFieldName}) of '==' operation has null value. If it is a reference, it may not be in the context or its toString() returned null. /templates/entity.java.vm[line 76, column 26]
2018-04-16 15:30:37,776 - Left side (${logicDeleteFieldName}) of '==' operation has null value. If it is a reference, it may not be in the context or its toString() returned null. /templates/entity.java.vm[line 80, column 30]
2018-04-16 15:30:37,776 - Left side (${versionFieldName}) of '==' operation has null value. If it is a reference, it may not be in the context or its toString() returned null. /templates/entity.java.vm[line 76, column 26]
2018-04-16 15:30:37,776 - Left side (${logicDeleteFieldName}) of '==' operation has null value. If it is a reference, it may not be in the context or its toString() returned null. /templates/entity.java.vm[line 80, column 30]
2018-04-16 15:30:37,776 - Left side (${versionFieldName}) of '==' operation has null value. If it is a reference, it may not be in the context or its toString() returned null. /templates/entity.java.vm[line 76, column 26]
2018-04-16 15:30:37,776 - Left side (${logicDeleteFieldName}) of '==' operation has null value. If it is a reference, it may not be in the context or its toString() returned null. /templates/entity.java.vm[line 80, column 30]
2018-04-16 15:30:37,777 - Left side (${versionFieldName}) of '==' operation has null value. If it is a reference, it may not be in the context or its toString() returned null. /templates/entity.java.vm[line 76, column 26]
2018-04-16 15:30:37,777 - Left side (${logicDeleteFieldName}) of '==' operation has null value. If it is a reference, it may not be in the context or its toString() returned null. /templates/entity.java.vm[line 80, column 30]
2018-04-16 15:30:37,777 - Left side (${versionFieldName}) of '==' operation has null value. If it is a reference, it may not be in the context or its toString() returned null. /templates/entity.java.vm[line 76, column 26]
2018-04-16 15:30:37,777 - Left side (${logicDeleteFieldName}) of '==' operation has null value. If it is a reference, it may not be in the context or its toString() returned null. /templates/entity.java.vm[line 80, column 30]
2018-04-16 15:30:37,777 - Left side (${versionFieldName}) of '==' operation has null value. If it is a reference, it may not be in the context or its toString() returned null. /templates/entity.java.vm[line 76, column 26]
2018-04-16 15:30:37,778 - Left side (${logicDeleteFieldName}) of '==' operation has null value. If it is a reference, it may not be in the context or its toString() returned null. /templates/entity.java.vm[line 80, column 30]
2018-04-16 15:30:37,778 - Left side (${versionFieldName}) of '==' operation has null value. If it is a reference, it may not be in the context or its toString() returned null. /templates/entity.java.vm[line 76, column 26]
2018-04-16 15:30:37,779 - Left side (${logicDeleteFieldName}) of '==' operation has null value. If it is a reference, it may not be in the context or its toString() returned null. /templates/entity.java.vm[line 80, column 30]
2018-04-16 15:30:37,779 - Left side (${versionFieldName}) of '==' operation has null value. If it is a reference, it may not be in the context or its toString() returned null. /templates/entity.java.vm[line 76, column 26]
2018-04-16 15:30:37,779 - Left side (${logicDeleteFieldName}) of '==' operation has null value. If it is a reference, it may not be in the context or its toString() returned null. /templates/entity.java.vm[line 80, column 30]
2018-04-16 15:30:37,779 - Left side (${versionFieldName}) of '==' operation has null value. If it is a reference, it may not be in the context or its toString() returned null. /templates/entity.java.vm[line 76, column 26]
2018-04-16 15:30:37,780 - Left side (${logicDeleteFieldName}) of '==' operation has null value. If it is a reference, it may not be in the context or its toString() returned null. /templates/entity.java.vm[line 80, column 30]
2018-04-16 15:30:37,780 - Left side (${versionFieldName}) of '==' operation has null value. If it is a reference, it may not be in the context or its toString() returned null. /templates/entity.java.vm[line 76, column 26]
2018-04-16 15:30:37,780 - Left side (${logicDeleteFieldName}) of '==' operation has null value. If it is a reference, it may not be in the context or its toString() returned null. /templates/entity.java.vm[line 80, column 30]
2018-04-16 15:30:37,780 - Left side (${versionFieldName}) of '==' operation has null value. If it is a reference, it may not be in the context or its toString() returned null. /templates/entity.java.vm[line 76, column 26]
2018-04-16 15:30:37,780 - Left side (${logicDeleteFieldName}) of '==' operation has null value. If it is a reference, it may not be in the context or its toString() returned null. /templates/entity.java.vm[line 80, column 30]
2018-04-16 15:30:37,781 - Left side (${versionFieldName}) of '==' operation has null value. If it is a reference, it may not be in the context or its toString() returned null. /templates/entity.java.vm[line 76, column 26]
2018-04-16 15:30:37,781 - Left side (${logicDeleteFieldName}) of '==' operation has null value. If it is a reference, it may not be in the context or its toString() returned null. /templates/entity.java.vm[line 80, column 30]
2018-04-16 15:30:37,781 - Left side (${versionFieldName}) of '==' operation has null value. If it is a reference, it may not be in the context or its toString() returned null. /templates/entity.java.vm[line 76, column 26]
2018-04-16 15:30:37,781 - Left side (${logicDeleteFieldName}) of '==' operation has null value. If it is a reference, it may not be in the context or its toString() returned null. /templates/entity.java.vm[line 80, column 30]
2018-04-16 15:30:37,781 - Left side (${versionFieldName}) of '==' operation has null value. If it is a reference, it may not be in the context or its toString() returned null. /templates/entity.java.vm[line 76, column 26]
2018-04-16 15:30:37,781 - Left side (${logicDeleteFieldName}) of '==' operation has null value. If it is a reference, it may not be in the context or its toString() returned null. /templates/entity.java.vm[line 80, column 30]
2018-04-16 15:30:37,782 - Left side (${versionFieldName}) of '==' operation has null value. If it is a reference, it may not be in the context or its toString() returned null. /templates/entity.java.vm[line 76, column 26]
2018-04-16 15:30:37,782 - Left side (${logicDeleteFieldName}) of '==' operation has null value. If it is a reference, it may not be in the context or its toString() returned null. /templates/entity.java.vm[line 80, column 30]
2018-04-16 15:30:37,783 - Left side (${versionFieldName}) of '==' operation has null value. If it is a reference, it may not be in the context or its toString() returned null. /templates/entity.java.vm[line 76, column 26]
2018-04-16 15:30:37,783 - Left side (${logicDeleteFieldName}) of '==' operation has null value. If it is a reference, it may not be in the context or its toString() returned null. /templates/entity.java.vm[line 80, column 30]
2018-04-16 15:30:37,784 - Left side (${versionFieldName}) of '==' operation has null value. If it is a reference, it may not be in the context or its toString() returned null. /templates/entity.java.vm[line 76, column 26]
2018-04-16 15:30:37,784 - Left side (${logicDeleteFieldName}) of '==' operation has null value. If it is a reference, it may not be in the context or its toString() returned null. /templates/entity.java.vm[line 80, column 30]
2018-04-16 15:30:37,797 - ResourceManager : found /templates/mapper.java.vm with loader org.apache.velocity.runtime.resource.loader.ClasspathResourceLoader
2018-04-16 15:30:37,808 - ResourceManager : found /templates/mapper.xml.vm with loader org.apache.velocity.runtime.resource.loader.ClasspathResourceLoader
2018-04-16 15:30:37,814 - ResourceManager : found /templates/service.java.vm with loader org.apache.velocity.runtime.resource.loader.ClasspathResourceLoader
2018-04-16 15:30:37,820 - ResourceManager : found /templates/serviceImpl.java.vm with loader org.apache.velocity.runtime.resource.loader.ClasspathResourceLoader
2018-04-16 15:30:37,826 - ResourceManager : found /templates/controller.java.vm with loader org.apache.velocity.runtime.resource.loader.ClasspathResourceLoader
2018-04-16 15:44:02,368 - Log4JLogChute initialized using file 'velocity.log'
2018-04-16 15:44:02,369 - Initializing Velocity, Calling init()...
2018-04-16 15:44:02,369 - Starting Apache Velocity v1.7 (compiled: 2010-11-19 12:14:37)
2018-04-16 15:44:02,369 - Default Properties File: org\apache\velocity\runtime\defaults\velocity.properties
2018-04-16 15:44:02,369 - Trying to use logger class org.apache.velocity.runtime.log.AvalonLogChute
2018-04-16 15:44:02,370 - Target log system for org.apache.velocity.runtime.log.AvalonLogChute is not available (java.lang.NoClassDefFoundError: org/apache/log/format/Formatter).  Falling back to next log system...
2018-04-16 15:44:02,370 - Trying to use logger class org.apache.velocity.runtime.log.Log4JLogChute
2018-04-16 15:44:02,370 - Using logger class org.apache.velocity.runtime.log.Log4JLogChute
2018-04-16 15:44:02,382 - ResourceLoader instantiated: org.apache.velocity.runtime.resource.loader.ClasspathResourceLoader
2018-04-16 15:44:02,420 - ResourceCache: initialized (class org.apache.velocity.runtime.resource.ResourceCacheImpl) with class java.util.Collections$SynchronizedMap cache map.
2018-04-16 15:44:02,425 - Loaded System Directive: org.apache.velocity.runtime.directive.Stop
2018-04-16 15:44:02,427 - Loaded System Directive: org.apache.velocity.runtime.directive.Define
2018-04-16 15:44:02,432 - Loaded System Directive: org.apache.velocity.runtime.directive.Break
2018-04-16 15:44:02,435 - Loaded System Directive: org.apache.velocity.runtime.directive.Evaluate
2018-04-16 15:44:02,437 - Loaded System Directive: org.apache.velocity.runtime.directive.Literal
2018-04-16 15:44:02,440 - Loaded System Directive: org.apache.velocity.runtime.directive.Macro
2018-04-16 15:44:02,443 - Loaded System Directive: org.apache.velocity.runtime.directive.Parse
2018-04-16 15:44:02,449 - Loaded System Directive: org.apache.velocity.runtime.directive.Include
2018-04-16 15:44:02,452 - Loaded System Directive: org.apache.velocity.runtime.directive.Foreach
2018-04-16 15:44:02,516 - Created '20' parsers.
2018-04-16 15:44:02,533 - Velocimacro : "velocimacro.library" is not set.  Trying default library: VM_global_library.vm
2018-04-16 15:44:02,539 - Could not load resource 'VM_global_library.vm' from ResourceLoader org.apache.velocity.runtime.resource.loader.ClasspathResourceLoader: ClasspathResourceLoader Error: cannot find resource VM_global_library.vm
2018-04-16 15:44:02,539 - Velocimacro : Default library not found.
2018-04-16 15:44:02,539 - Velocimacro : allowInline = true : VMs can be defined inline in templates
2018-04-16 15:44:02,539 - Velocimacro : allowInlineToOverride = false : VMs defined inline may NOT replace previous VM definitions
2018-04-16 15:44:02,539 - Velocimacro : allowInlineLocal = false : VMs defined inline will be global in scope if allowed.
2018-04-16 15:44:02,540 - Velocimacro : autoload off : VM system will not automatically reload global library macros
2018-04-16 15:44:02,629 - ResourceManager : found /templates/entity.java.vm with loader org.apache.velocity.runtime.resource.loader.ClasspathResourceLoader
2018-04-16 15:44:02,650 - Left side (${versionFieldName}) of '==' operation has null value. If it is a reference, it may not be in the context or its toString() returned null. /templates/entity.java.vm[line 76, column 26]
2018-04-16 15:44:02,650 - Left side (${logicDeleteFieldName}) of '==' operation has null value. If it is a reference, it may not be in the context or its toString() returned null. /templates/entity.java.vm[line 80, column 30]
2018-04-16 15:44:02,651 - Left side (${versionFieldName}) of '==' operation has null value. If it is a reference, it may not be in the context or its toString() returned null. /templates/entity.java.vm[line 76, column 26]
2018-04-16 15:44:02,651 - Left side (${logicDeleteFieldName}) of '==' operation has null value. If it is a reference, it may not be in the context or its toString() returned null. /templates/entity.java.vm[line 80, column 30]
2018-04-16 15:44:02,651 - Left side (${versionFieldName}) of '==' operation has null value. If it is a reference, it may not be in the context or its toString() returned null. /templates/entity.java.vm[line 76, column 26]
2018-04-16 15:44:02,651 - Left side (${logicDeleteFieldName}) of '==' operation has null value. If it is a reference, it may not be in the context or its toString() returned null. /templates/entity.java.vm[line 80, column 30]
2018-04-16 15:44:02,651 - Left side (${versionFieldName}) of '==' operation has null value. If it is a reference, it may not be in the context or its toString() returned null. /templates/entity.java.vm[line 76, column 26]
2018-04-16 15:44:02,651 - Left side (${logicDeleteFieldName}) of '==' operation has null value. If it is a reference, it may not be in the context or its toString() returned null. /templates/entity.java.vm[line 80, column 30]
2018-04-16 15:44:02,652 - Left side (${versionFieldName}) of '==' operation has null value. If it is a reference, it may not be in the context or its toString() returned null. /templates/entity.java.vm[line 76, column 26]
2018-04-16 15:44:02,652 - Left side (${logicDeleteFieldName}) of '==' operation has null value. If it is a reference, it may not be in the context or its toString() returned null. /templates/entity.java.vm[line 80, column 30]
2018-04-16 15:44:02,652 - Left side (${versionFieldName}) of '==' operation has null value. If it is a reference, it may not be in the context or its toString() returned null. /templates/entity.java.vm[line 76, column 26]
2018-04-16 15:44:02,652 - Left side (${logicDeleteFieldName}) of '==' operation has null value. If it is a reference, it may not be in the context or its toString() returned null. /templates/entity.java.vm[line 80, column 30]
2018-04-16 15:44:02,652 - Left side (${versionFieldName}) of '==' operation has null value. If it is a reference, it may not be in the context or its toString() returned null. /templates/entity.java.vm[line 76, column 26]
2018-04-16 15:44:02,652 - Left side (${logicDeleteFieldName}) of '==' operation has null value. If it is a reference, it may not be in the context or its toString() returned null. /templates/entity.java.vm[line 80, column 30]
2018-04-16 15:44:02,665 - ResourceManager : found /templates/mapper.java.vm with loader org.apache.velocity.runtime.resource.loader.ClasspathResourceLoader
2018-04-16 15:44:02,674 - ResourceManager : found /templates/mapper.xml.vm with loader org.apache.velocity.runtime.resource.loader.ClasspathResourceLoader
2018-04-16 15:44:02,685 - ResourceManager : found /templates/service.java.vm with loader org.apache.velocity.runtime.resource.loader.ClasspathResourceLoader
2018-04-16 15:44:02,690 - ResourceManager : found /templates/serviceImpl.java.vm with loader org.apache.velocity.runtime.resource.loader.ClasspathResourceLoader
2018-04-16 15:44:02,697 - ResourceManager : found /templates/controller.java.vm with loader org.apache.velocity.runtime.resource.loader.ClasspathResourceLoader
2018-05-03 14:43:37,250 - Log4JLogChute initialized using file 'velocity.log'
2018-05-03 14:43:37,252 - Initializing Velocity, Calling init()...
2018-05-03 14:43:37,252 - Starting Apache Velocity v1.7 (compiled: 2010-11-19 12:14:37)
2018-05-03 14:43:37,252 - Default Properties File: org\apache\velocity\runtime\defaults\velocity.properties
2018-05-03 14:43:37,252 - Trying to use logger class org.apache.velocity.runtime.log.AvalonLogChute
2018-05-03 14:43:37,252 - Target log system for org.apache.velocity.runtime.log.AvalonLogChute is not available (java.lang.NoClassDefFoundError: org/apache/log/format/Formatter).  Falling back to next log system...
2018-05-03 14:43:37,252 - Trying to use logger class org.apache.velocity.runtime.log.Log4JLogChute
2018-05-03 14:43:37,252 - Using logger class org.apache.velocity.runtime.log.Log4JLogChute
2018-05-03 14:43:37,264 - ResourceLoader instantiated: org.apache.velocity.runtime.resource.loader.ClasspathResourceLoader
2018-05-03 14:43:37,319 - ResourceCache: initialized (class org.apache.velocity.runtime.resource.ResourceCacheImpl) with class java.util.Collections$SynchronizedMap cache map.
2018-05-03 14:43:37,323 - Loaded System Directive: org.apache.velocity.runtime.directive.Stop
2018-05-03 14:43:37,327 - Loaded System Directive: org.apache.velocity.runtime.directive.Define
2018-05-03 14:43:37,330 - Loaded System Directive: org.apache.velocity.runtime.directive.Break
2018-05-03 14:43:37,337 - Loaded System Directive: org.apache.velocity.runtime.directive.Evaluate
2018-05-03 14:43:37,339 - Loaded System Directive: org.apache.velocity.runtime.directive.Literal
2018-05-03 14:43:37,344 - Loaded System Directive: org.apache.velocity.runtime.directive.Macro
2018-05-03 14:43:37,348 - Loaded System Directive: org.apache.velocity.runtime.directive.Parse
2018-05-03 14:43:37,351 - Loaded System Directive: org.apache.velocity.runtime.directive.Include
2018-05-03 14:43:37,354 - Loaded System Directive: org.apache.velocity.runtime.directive.Foreach
2018-05-03 14:43:37,489 - Created '20' parsers.
2018-05-03 14:43:37,518 - Velocimacro : "velocimacro.library" is not set.  Trying default library: VM_global_library.vm
2018-05-03 14:43:37,524 - Could not load resource 'VM_global_library.vm' from ResourceLoader org.apache.velocity.runtime.resource.loader.ClasspathResourceLoader: ClasspathResourceLoader Error: cannot find resource VM_global_library.vm
2018-05-03 14:43:37,524 - Velocimacro : Default library not found.
2018-05-03 14:43:37,524 - Velocimacro : allowInline = true : VMs can be defined inline in templates
2018-05-03 14:43:37,524 - Velocimacro : allowInlineToOverride = false : VMs defined inline may NOT replace previous VM definitions
2018-05-03 14:43:37,524 - Velocimacro : allowInlineLocal = false : VMs defined inline will be global in scope if allowed.
2018-05-03 14:43:37,524 - Velocimacro : autoload off : VM system will not automatically reload global library macros
2018-05-03 14:43:37,581 - ResourceManager : found /templates/entity.java.vm with loader org.apache.velocity.runtime.resource.loader.ClasspathResourceLoader
2018-05-03 14:43:37,601 - Left side (${versionFieldName}) of '==' operation has null value. If it is a reference, it may not be in the context or its toString() returned null. /templates/entity.java.vm[line 76, column 26]
2018-05-03 14:43:37,601 - Left side (${logicDeleteFieldName}) of '==' operation has null value. If it is a reference, it may not be in the context or its toString() returned null. /templates/entity.java.vm[line 80, column 30]
2018-05-03 14:43:37,602 - Left side (${versionFieldName}) of '==' operation has null value. If it is a reference, it may not be in the context or its toString() returned null. /templates/entity.java.vm[line 76, column 26]
2018-05-03 14:43:37,602 - Left side (${logicDeleteFieldName}) of '==' operation has null value. If it is a reference, it may not be in the context or its toString() returned null. /templates/entity.java.vm[line 80, column 30]
2018-05-03 14:43:37,602 - Left side (${versionFieldName}) of '==' operation has null value. If it is a reference, it may not be in the context or its toString() returned null. /templates/entity.java.vm[line 76, column 26]
2018-05-03 14:43:37,602 - Left side (${logicDeleteFieldName}) of '==' operation has null value. If it is a reference, it may not be in the context or its toString() returned null. /templates/entity.java.vm[line 80, column 30]
2018-05-03 14:43:37,620 - ResourceManager : found /templates/mapper.java.vm with loader org.apache.velocity.runtime.resource.loader.ClasspathResourceLoader
2018-05-03 14:43:37,630 - ResourceManager : found /templates/mapper.xml.vm with loader org.apache.velocity.runtime.resource.loader.ClasspathResourceLoader
2018-05-03 14:43:37,641 - ResourceManager : found /templates/service.java.vm with loader org.apache.velocity.runtime.resource.loader.ClasspathResourceLoader
2018-05-03 14:43:37,673 - ResourceManager : found /templates/serviceImpl.java.vm with loader org.apache.velocity.runtime.resource.loader.ClasspathResourceLoader
2018-05-03 14:43:37,680 - ResourceManager : found /templates/controller.java.vm with loader org.apache.velocity.runtime.resource.loader.ClasspathResourceLoader
2018-05-03 14:44:27,714 - Log4JLogChute initialized using file 'velocity.log'
2018-05-03 14:44:27,714 - Log4JLogChute initialized using file 'velocity.log'
2018-05-03 14:44:27,715 - Initializing Velocity, Calling init()...
2018-05-03 14:44:27,715 - Initializing Velocity, Calling init()...
2018-05-03 14:44:27,715 - Starting Apache Velocity v1.7 (compiled: 2010-11-19 12:14:37)
2018-05-03 14:44:27,715 - Starting Apache Velocity v1.7 (compiled: 2010-11-19 12:14:37)
2018-05-03 14:44:27,715 - Default Properties File: org\apache\velocity\runtime\defaults\velocity.properties
2018-05-03 14:44:27,715 - Default Properties File: org\apache\velocity\runtime\defaults\velocity.properties
2018-05-03 14:44:27,715 - Trying to use logger class org.apache.velocity.runtime.log.AvalonLogChute
2018-05-03 14:44:27,715 - Trying to use logger class org.apache.velocity.runtime.log.AvalonLogChute
2018-05-03 14:44:27,716 - Target log system for org.apache.velocity.runtime.log.AvalonLogChute is not available (java.lang.NoClassDefFoundError: org/apache/log/format/Formatter).  Falling back to next log system...
2018-05-03 14:44:27,716 - Target log system for org.apache.velocity.runtime.log.AvalonLogChute is not available (java.lang.NoClassDefFoundError: org/apache/log/format/Formatter).  Falling back to next log system...
2018-05-03 14:44:27,716 - Trying to use logger class org.apache.velocity.runtime.log.Log4JLogChute
2018-05-03 14:44:27,716 - Trying to use logger class org.apache.velocity.runtime.log.Log4JLogChute
2018-05-03 14:44:27,716 - Using logger class org.apache.velocity.runtime.log.Log4JLogChute
2018-05-03 14:44:27,716 - Using logger class org.apache.velocity.runtime.log.Log4JLogChute
2018-05-03 14:44:27,716 - ResourceLoader instantiated: org.apache.velocity.runtime.resource.loader.ClasspathResourceLoader
2018-05-03 14:44:27,716 - ResourceLoader instantiated: org.apache.velocity.runtime.resource.loader.ClasspathResourceLoader
2018-05-03 14:44:27,716 - ResourceCache: initialized (class org.apache.velocity.runtime.resource.ResourceCacheImpl) with class java.util.Collections$SynchronizedMap cache map.
2018-05-03 14:44:27,716 - ResourceCache: initialized (class org.apache.velocity.runtime.resource.ResourceCacheImpl) with class java.util.Collections$SynchronizedMap cache map.
2018-05-03 14:44:27,717 - Loaded System Directive: org.apache.velocity.runtime.directive.Stop
2018-05-03 14:44:27,717 - Loaded System Directive: org.apache.velocity.runtime.directive.Stop
2018-05-03 14:44:27,717 - Loaded System Directive: org.apache.velocity.runtime.directive.Define
2018-05-03 14:44:27,717 - Loaded System Directive: org.apache.velocity.runtime.directive.Define
2018-05-03 14:44:27,717 - Loaded System Directive: org.apache.velocity.runtime.directive.Break
2018-05-03 14:44:27,717 - Loaded System Directive: org.apache.velocity.runtime.directive.Break
2018-05-03 14:44:27,717 - Loaded System Directive: org.apache.velocity.runtime.directive.Evaluate
2018-05-03 14:44:27,717 - Loaded System Directive: org.apache.velocity.runtime.directive.Evaluate
2018-05-03 14:44:27,717 - Loaded System Directive: org.apache.velocity.runtime.directive.Literal
2018-05-03 14:44:27,717 - Loaded System Directive: org.apache.velocity.runtime.directive.Literal
2018-05-03 14:44:27,717 - Loaded System Directive: org.apache.velocity.runtime.directive.Macro
2018-05-03 14:44:27,717 - Loaded System Directive: org.apache.velocity.runtime.directive.Macro
2018-05-03 14:44:27,718 - Loaded System Directive: org.apache.velocity.runtime.directive.Parse
2018-05-03 14:44:27,718 - Loaded System Directive: org.apache.velocity.runtime.directive.Parse
2018-05-03 14:44:27,718 - Loaded System Directive: org.apache.velocity.runtime.directive.Include
2018-05-03 14:44:27,718 - Loaded System Directive: org.apache.velocity.runtime.directive.Include
2018-05-03 14:44:27,718 - Loaded System Directive: org.apache.velocity.runtime.directive.Foreach
2018-05-03 14:44:27,718 - Loaded System Directive: org.apache.velocity.runtime.directive.Foreach
2018-05-03 14:44:27,720 - Created '20' parsers.
2018-05-03 14:44:27,720 - Created '20' parsers.
2018-05-03 14:44:27,720 - Velocimacro : "velocimacro.library" is not set.  Trying default library: VM_global_library.vm
2018-05-03 14:44:27,720 - Velocimacro : "velocimacro.library" is not set.  Trying default library: VM_global_library.vm
2018-05-03 14:44:27,727 - Could not load resource 'VM_global_library.vm' from ResourceLoader org.apache.velocity.runtime.resource.loader.ClasspathResourceLoader: ClasspathResourceLoader Error: cannot find resource VM_global_library.vm
2018-05-03 14:44:27,727 - Could not load resource 'VM_global_library.vm' from ResourceLoader org.apache.velocity.runtime.resource.loader.ClasspathResourceLoader: ClasspathResourceLoader Error: cannot find resource VM_global_library.vm
2018-05-03 14:44:27,727 - Velocimacro : Default library not found.
2018-05-03 14:44:27,727 - Velocimacro : Default library not found.
2018-05-03 14:44:27,728 - Velocimacro : allowInline = true : VMs can be defined inline in templates
2018-05-03 14:44:27,728 - Velocimacro : allowInline = true : VMs can be defined inline in templates
2018-05-03 14:44:27,728 - Velocimacro : allowInlineToOverride = false : VMs defined inline may NOT replace previous VM definitions
2018-05-03 14:44:27,728 - Velocimacro : allowInlineToOverride = false : VMs defined inline may NOT replace previous VM definitions
2018-05-03 14:44:27,728 - Velocimacro : allowInlineLocal = false : VMs defined inline will be global in scope if allowed.
2018-05-03 14:44:27,728 - Velocimacro : allowInlineLocal = false : VMs defined inline will be global in scope if allowed.
2018-05-03 14:44:27,728 - Velocimacro : autoload off : VM system will not automatically reload global library macros
2018-05-03 14:44:27,728 - Velocimacro : autoload off : VM system will not automatically reload global library macros
2018-05-03 14:44:27,739 - ResourceManager : found /templates/entity.java.vm with loader org.apache.velocity.runtime.resource.loader.ClasspathResourceLoader
2018-05-03 14:44:27,739 - ResourceManager : found /templates/entity.java.vm with loader org.apache.velocity.runtime.resource.loader.ClasspathResourceLoader
2018-05-03 14:44:27,743 - Left side (${versionFieldName}) of '==' operation has null value. If it is a reference, it may not be in the context or its toString() returned null. /templates/entity.java.vm[line 76, column 26]
2018-05-03 14:44:27,743 - Left side (${versionFieldName}) of '==' operation has null value. If it is a reference, it may not be in the context or its toString() returned null. /templates/entity.java.vm[line 76, column 26]
2018-05-03 14:44:27,743 - Left side (${logicDeleteFieldName}) of '==' operation has null value. If it is a reference, it may not be in the context or its toString() returned null. /templates/entity.java.vm[line 80, column 30]
2018-05-03 14:44:27,743 - Left side (${logicDeleteFieldName}) of '==' operation has null value. If it is a reference, it may not be in the context or its toString() returned null. /templates/entity.java.vm[line 80, column 30]
2018-05-03 14:44:27,745 - Left side (${versionFieldName}) of '==' operation has null value. If it is a reference, it may not be in the context or its toString() returned null. /templates/entity.java.vm[line 76, column 26]
2018-05-03 14:44:27,745 - Left side (${versionFieldName}) of '==' operation has null value. If it is a reference, it may not be in the context or its toString() returned null. /templates/entity.java.vm[line 76, column 26]
2018-05-03 14:44:27,745 - Left side (${logicDeleteFieldName}) of '==' operation has null value. If it is a reference, it may not be in the context or its toString() returned null. /templates/entity.java.vm[line 80, column 30]
2018-05-03 14:44:27,745 - Left side (${logicDeleteFieldName}) of '==' operation has null value. If it is a reference, it may not be in the context or its toString() returned null. /templates/entity.java.vm[line 80, column 30]
2018-05-03 14:44:27,745 - Left side (${versionFieldName}) of '==' operation has null value. If it is a reference, it may not be in the context or its toString() returned null. /templates/entity.java.vm[line 76, column 26]
2018-05-03 14:44:27,745 - Left side (${versionFieldName}) of '==' operation has null value. If it is a reference, it may not be in the context or its toString() returned null. /templates/entity.java.vm[line 76, column 26]
2018-05-03 14:44:27,745 - Left side (${logicDeleteFieldName}) of '==' operation has null value. If it is a reference, it may not be in the context or its toString() returned null. /templates/entity.java.vm[line 80, column 30]
2018-05-03 14:44:27,745 - Left side (${logicDeleteFieldName}) of '==' operation has null value. If it is a reference, it may not be in the context or its toString() returned null. /templates/entity.java.vm[line 80, column 30]
2018-05-03 14:44:27,750 - ResourceManager : found /templates/mapper.java.vm with loader org.apache.velocity.runtime.resource.loader.ClasspathResourceLoader
2018-05-03 14:44:27,750 - ResourceManager : found /templates/mapper.java.vm with loader org.apache.velocity.runtime.resource.loader.ClasspathResourceLoader
2018-05-03 14:44:27,757 - ResourceManager : found /templates/mapper.xml.vm with loader org.apache.velocity.runtime.resource.loader.ClasspathResourceLoader
2018-05-03 14:44:27,757 - ResourceManager : found /templates/mapper.xml.vm with loader org.apache.velocity.runtime.resource.loader.ClasspathResourceLoader
2018-05-03 14:44:27,763 - ResourceManager : found /templates/service.java.vm with loader org.apache.velocity.runtime.resource.loader.ClasspathResourceLoader
2018-05-03 14:44:27,763 - ResourceManager : found /templates/service.java.vm with loader org.apache.velocity.runtime.resource.loader.ClasspathResourceLoader
2018-05-03 14:44:27,775 - ResourceManager : found /templates/serviceImpl.java.vm with loader org.apache.velocity.runtime.resource.loader.ClasspathResourceLoader
2018-05-03 14:44:27,775 - ResourceManager : found /templates/serviceImpl.java.vm with loader org.apache.velocity.runtime.resource.loader.ClasspathResourceLoader
2018-05-03 14:44:27,784 - ResourceManager : found /templates/controller.java.vm with loader org.apache.velocity.runtime.resource.loader.ClasspathResourceLoader
2018-05-03 14:44:27,784 - ResourceManager : found /templates/controller.java.vm with loader org.apache.velocity.runtime.resource.loader.ClasspathResourceLoader
2018-05-15 22:43:23,314 - Log4JLogChute initialized using file 'velocity.log'
2018-05-15 22:43:23,314 - Initializing Velocity, Calling init()...
2018-05-15 22:43:23,314 - Starting Apache Velocity v1.7 (compiled: 2010-11-19 12:14:37)
2018-05-15 22:43:23,314 - Default Properties File: org\apache\velocity\runtime\defaults\velocity.properties
2018-05-15 22:43:23,314 - Trying to use logger class org.apache.velocity.runtime.log.AvalonLogChute
2018-05-15 22:43:23,314 - Target log system for org.apache.velocity.runtime.log.AvalonLogChute is not available (java.lang.NoClassDefFoundError: org/apache/log/format/Formatter).  Falling back to next log system...
2018-05-15 22:43:23,314 - Trying to use logger class org.apache.velocity.runtime.log.Log4JLogChute
2018-05-15 22:43:23,314 - Using logger class org.apache.velocity.runtime.log.Log4JLogChute
2018-05-15 22:43:23,322 - ResourceLoader instantiated: org.apache.velocity.runtime.resource.loader.ClasspathResourceLoader
2018-05-15 22:43:23,346 - ResourceCache: initialized (class org.apache.velocity.runtime.resource.ResourceCacheImpl) with class java.util.Collections$SynchronizedMap cache map.
2018-05-15 22:43:23,346 - Loaded System Directive: org.apache.velocity.runtime.directive.Stop
2018-05-15 22:43:23,350 - Loaded System Directive: org.apache.velocity.runtime.directive.Define
2018-05-15 22:43:23,350 - Loaded System Directive: org.apache.velocity.runtime.directive.Break
2018-05-15 22:43:23,350 - Loaded System Directive: org.apache.velocity.runtime.directive.Evaluate
2018-05-15 22:43:23,354 - Loaded System Directive: org.apache.velocity.runtime.directive.Literal
2018-05-15 22:43:23,354 - Loaded System Directive: org.apache.velocity.runtime.directive.Macro
2018-05-15 22:43:23,354 - Loaded System Directive: org.apache.velocity.runtime.directive.Parse
2018-05-15 22:43:23,358 - Loaded System Directive: org.apache.velocity.runtime.directive.Include
2018-05-15 22:43:23,358 - Loaded System Directive: org.apache.velocity.runtime.directive.Foreach
2018-05-15 22:43:23,390 - Created '20' parsers.
2018-05-15 22:43:23,402 - Velocimacro : "velocimacro.library" is not set.  Trying default library: VM_global_library.vm
2018-05-15 22:43:23,402 - Could not load resource 'VM_global_library.vm' from ResourceLoader org.apache.velocity.runtime.resource.loader.ClasspathResourceLoader: ClasspathResourceLoader Error: cannot find resource VM_global_library.vm
2018-05-15 22:43:23,402 - Velocimacro : Default library not found.
2018-05-15 22:43:23,402 - Velocimacro : allowInline = true : VMs can be defined inline in templates
2018-05-15 22:43:23,402 - Velocimacro : allowInlineToOverride = false : VMs defined inline may NOT replace previous VM definitions
2018-05-15 22:43:23,402 - Velocimacro : allowInlineLocal = false : VMs defined inline will be global in scope if allowed.
2018-05-15 22:43:23,402 - Velocimacro : autoload off : VM system will not automatically reload global library macros
2018-05-15 22:43:23,430 - ResourceManager : found /templates/entity.java.vm with loader org.apache.velocity.runtime.resource.loader.ClasspathResourceLoader
2018-05-15 22:43:23,442 - Left side (${versionFieldName}) of '==' operation has null value. If it is a reference, it may not be in the context or its toString() returned null. /templates/entity.java.vm[line 76, column 26]
2018-05-15 22:43:23,442 - Left side (${logicDeleteFieldName}) of '==' operation has null value. If it is a reference, it may not be in the context or its toString() returned null. /templates/entity.java.vm[line 80, column 30]
2018-05-15 22:43:23,442 - Left side (${versionFieldName}) of '==' operation has null value. If it is a reference, it may not be in the context or its toString() returned null. /templates/entity.java.vm[line 76, column 26]
2018-05-15 22:43:23,442 - Left side (${logicDeleteFieldName}) of '==' operation has null value. If it is a reference, it may not be in the context or its toString() returned null. /templates/entity.java.vm[line 80, column 30]
2018-05-15 22:43:23,442 - Left side (${versionFieldName}) of '==' operation has null value. If it is a reference, it may not be in the context or its toString() returned null. /templates/entity.java.vm[line 76, column 26]
2018-05-15 22:43:23,442 - Left side (${logicDeleteFieldName}) of '==' operation has null value. If it is a reference, it may not be in the context or its toString() returned null. /templates/entity.java.vm[line 80, column 30]
2018-05-15 22:43:23,442 - Left side (${versionFieldName}) of '==' operation has null value. If it is a reference, it may not be in the context or its toString() returned null. /templates/entity.java.vm[line 76, column 26]
2018-05-15 22:43:23,442 - Left side (${logicDeleteFieldName}) of '==' operation has null value. If it is a reference, it may not be in the context or its toString() returned null. /templates/entity.java.vm[line 80, column 30]
2018-05-15 22:43:23,450 - ResourceManager : found /templates/mapper.java.vm with loader org.apache.velocity.runtime.resource.loader.ClasspathResourceLoader
2018-05-15 22:43:23,454 - ResourceManager : found /templates/mapper.xml.vm with loader org.apache.velocity.runtime.resource.loader.ClasspathResourceLoader
2018-05-15 22:43:23,458 - ResourceManager : found /templates/service.java.vm with loader org.apache.velocity.runtime.resource.loader.ClasspathResourceLoader
2018-05-15 22:43:23,462 - ResourceManager : found /templates/serviceImpl.java.vm with loader org.apache.velocity.runtime.resource.loader.ClasspathResourceLoader
2018-05-15 22:43:23,462 - ResourceManager : found /templates/controller.java.vm with loader org.apache.velocity.runtime.resource.loader.ClasspathResourceLoader
2018-05-24 21:48:28,817 - Log4JLogChute initialized using file 'velocity.log'
2018-05-24 21:48:28,818 - Initializing Velocity, Calling init()...
2018-05-24 21:48:28,818 - Starting Apache Velocity v1.7 (compiled: 2010-11-19 12:14:37)
2018-05-24 21:48:28,818 - Default Properties File: org\apache\velocity\runtime\defaults\velocity.properties
2018-05-24 21:48:28,818 - Trying to use logger class org.apache.velocity.runtime.log.AvalonLogChute
2018-05-24 21:48:28,818 - Target log system for org.apache.velocity.runtime.log.AvalonLogChute is not available (java.lang.NoClassDefFoundError: org/apache/log/format/Formatter).  Falling back to next log system...
2018-05-24 21:48:28,818 - Trying to use logger class org.apache.velocity.runtime.log.Log4JLogChute
2018-05-24 21:48:28,818 - Using logger class org.apache.velocity.runtime.log.Log4JLogChute
2018-05-24 21:48:28,825 - ResourceLoader instantiated: org.apache.velocity.runtime.resource.loader.ClasspathResourceLoader
2018-05-24 21:48:28,850 - ResourceCache: initialized (class org.apache.velocity.runtime.resource.ResourceCacheImpl) with class java.util.Collections$SynchronizedMap cache map.
2018-05-24 21:48:28,853 - Loaded System Directive: org.apache.velocity.runtime.directive.Stop
2018-05-24 21:48:28,855 - Loaded System Directive: org.apache.velocity.runtime.directive.Define
2018-05-24 21:48:28,856 - Loaded System Directive: org.apache.velocity.runtime.directive.Break
2018-05-24 21:48:28,860 - Loaded System Directive: org.apache.velocity.runtime.directive.Evaluate
2018-05-24 21:48:28,861 - Loaded System Directive: org.apache.velocity.runtime.directive.Literal
2018-05-24 21:48:28,863 - Loaded System Directive: org.apache.velocity.runtime.directive.Macro
2018-05-24 21:48:28,865 - Loaded System Directive: org.apache.velocity.runtime.directive.Parse
2018-05-24 21:48:28,867 - Loaded System Directive: org.apache.velocity.runtime.directive.Include
2018-05-24 21:48:28,868 - Loaded System Directive: org.apache.velocity.runtime.directive.Foreach
2018-05-24 21:48:28,909 - Created '20' parsers.
2018-05-24 21:48:28,916 - Velocimacro : "velocimacro.library" is not set.  Trying default library: VM_global_library.vm
2018-05-24 21:48:28,918 - Could not load resource 'VM_global_library.vm' from ResourceLoader org.apache.velocity.runtime.resource.loader.ClasspathResourceLoader: ClasspathResourceLoader Error: cannot find resource VM_global_library.vm
2018-05-24 21:48:28,918 - Velocimacro : Default library not found.
2018-05-24 21:48:28,918 - Velocimacro : allowInline = true : VMs can be defined inline in templates
2018-05-24 21:48:28,918 - Velocimacro : allowInlineToOverride = false : VMs defined inline may NOT replace previous VM definitions
2018-05-24 21:48:28,918 - Velocimacro : allowInlineLocal = false : VMs defined inline will be global in scope if allowed.
2018-05-24 21:48:28,918 - Velocimacro : autoload off : VM system will not automatically reload global library macros
2018-05-24 21:48:28,949 - ResourceManager : found /templates/entity.java.vm with loader org.apache.velocity.runtime.resource.loader.ClasspathResourceLoader
2018-05-24 21:48:28,965 - Left side (${versionFieldName}) of '==' operation has null value. If it is a reference, it may not be in the context or its toString() returned null. /templates/entity.java.vm[line 76, column 26]
2018-05-24 21:48:28,965 - Left side (${logicDeleteFieldName}) of '==' operation has null value. If it is a reference, it may not be in the context or its toString() returned null. /templates/entity.java.vm[line 80, column 30]
2018-05-24 21:48:28,966 - Left side (${versionFieldName}) of '==' operation has null value. If it is a reference, it may not be in the context or its toString() returned null. /templates/entity.java.vm[line 76, column 26]
2018-05-24 21:48:28,966 - Left side (${logicDeleteFieldName}) of '==' operation has null value. If it is a reference, it may not be in the context or its toString() returned null. /templates/entity.java.vm[line 80, column 30]
2018-05-24 21:48:28,966 - Left side (${versionFieldName}) of '==' operation has null value. If it is a reference, it may not be in the context or its toString() returned null. /templates/entity.java.vm[line 76, column 26]
2018-05-24 21:48:28,966 - Left side (${logicDeleteFieldName}) of '==' operation has null value. If it is a reference, it may not be in the context or its toString() returned null. /templates/entity.java.vm[line 80, column 30]
2018-05-24 21:48:28,966 - Left side (${versionFieldName}) of '==' operation has null value. If it is a reference, it may not be in the context or its toString() returned null. /templates/entity.java.vm[line 76, column 26]
2018-05-24 21:48:28,966 - Left side (${logicDeleteFieldName}) of '==' operation has null value. If it is a reference, it may not be in the context or its toString() returned null. /templates/entity.java.vm[line 80, column 30]
2018-05-24 21:48:28,966 - Left side (${versionFieldName}) of '==' operation has null value. If it is a reference, it may not be in the context or its toString() returned null. /templates/entity.java.vm[line 76, column 26]
2018-05-24 21:48:28,966 - Left side (${logicDeleteFieldName}) of '==' operation has null value. If it is a reference, it may not be in the context or its toString() returned null. /templates/entity.java.vm[line 80, column 30]
2018-05-24 21:48:28,966 - Left side (${versionFieldName}) of '==' operation has null value. If it is a reference, it may not be in the context or its toString() returned null. /templates/entity.java.vm[line 76, column 26]
2018-05-24 21:48:28,966 - Left side (${logicDeleteFieldName}) of '==' operation has null value. If it is a reference, it may not be in the context or its toString() returned null. /templates/entity.java.vm[line 80, column 30]
2018-05-24 21:48:28,967 - Left side (${versionFieldName}) of '==' operation has null value. If it is a reference, it may not be in the context or its toString() returned null. /templates/entity.java.vm[line 76, column 26]
2018-05-24 21:48:28,967 - Left side (${logicDeleteFieldName}) of '==' operation has null value. If it is a reference, it may not be in the context or its toString() returned null. /templates/entity.java.vm[line 80, column 30]
2018-05-24 21:48:28,967 - Left side (${versionFieldName}) of '==' operation has null value. If it is a reference, it may not be in the context or its toString() returned null. /templates/entity.java.vm[line 76, column 26]
2018-05-24 21:48:28,967 - Left side (${logicDeleteFieldName}) of '==' operation has null value. If it is a reference, it may not be in the context or its toString() returned null. /templates/entity.java.vm[line 80, column 30]
2018-05-24 21:48:28,967 - Left side (${versionFieldName}) of '==' operation has null value. If it is a reference, it may not be in the context or its toString() returned null. /templates/entity.java.vm[line 76, column 26]
2018-05-24 21:48:28,967 - Left side (${logicDeleteFieldName}) of '==' operation has null value. If it is a reference, it may not be in the context or its toString() returned null. /templates/entity.java.vm[line 80, column 30]
2018-05-24 21:48:28,967 - Left side (${versionFieldName}) of '==' operation has null value. If it is a reference, it may not be in the context or its toString() returned null. /templates/entity.java.vm[line 76, column 26]
2018-05-24 21:48:28,967 - Left side (${logicDeleteFieldName}) of '==' operation has null value. If it is a reference, it may not be in the context or its toString() returned null. /templates/entity.java.vm[line 80, column 30]
2018-05-24 21:48:28,967 - Left side (${versionFieldName}) of '==' operation has null value. If it is a reference, it may not be in the context or its toString() returned null. /templates/entity.java.vm[line 76, column 26]
2018-05-24 21:48:28,968 - Left side (${logicDeleteFieldName}) of '==' operation has null value. If it is a reference, it may not be in the context or its toString() returned null. /templates/entity.java.vm[line 80, column 30]
2018-05-24 21:48:28,968 - Left side (${versionFieldName}) of '==' operation has null value. If it is a reference, it may not be in the context or its toString() returned null. /templates/entity.java.vm[line 76, column 26]
2018-05-24 21:48:28,968 - Left side (${logicDeleteFieldName}) of '==' operation has null value. If it is a reference, it may not be in the context or its toString() returned null. /templates/entity.java.vm[line 80, column 30]
2018-05-24 21:48:28,968 - Left side (${versionFieldName}) of '==' operation has null value. If it is a reference, it may not be in the context or its toString() returned null. /templates/entity.java.vm[line 76, column 26]
2018-05-24 21:48:28,968 - Left side (${logicDeleteFieldName}) of '==' operation has null value. If it is a reference, it may not be in the context or its toString() returned null. /templates/entity.java.vm[line 80, column 30]
2018-05-24 21:48:28,968 - Left side (${versionFieldName}) of '==' operation has null value. If it is a reference, it may not be in the context or its toString() returned null. /templates/entity.java.vm[line 76, column 26]
2018-05-24 21:48:28,968 - Left side (${logicDeleteFieldName}) of '==' operation has null value. If it is a reference, it may not be in the context or its toString() returned null. /templates/entity.java.vm[line 80, column 30]
2018-05-24 21:48:28,968 - Left side (${versionFieldName}) of '==' operation has null value. If it is a reference, it may not be in the context or its toString() returned null. /templates/entity.java.vm[line 76, column 26]
2018-05-24 21:48:28,968 - Left side (${logicDeleteFieldName}) of '==' operation has null value. If it is a reference, it may not be in the context or its toString() returned null. /templates/entity.java.vm[line 80, column 30]
2018-05-24 21:48:28,969 - Left side (${versionFieldName}) of '==' operation has null value. If it is a reference, it may not be in the context or its toString() returned null. /templates/entity.java.vm[line 76, column 26]
2018-05-24 21:48:28,969 - Left side (${logicDeleteFieldName}) of '==' operation has null value. If it is a reference, it may not be in the context or its toString() returned null. /templates/entity.java.vm[line 80, column 30]
2018-05-24 21:48:28,969 - Left side (${versionFieldName}) of '==' operation has null value. If it is a reference, it may not be in the context or its toString() returned null. /templates/entity.java.vm[line 76, column 26]
2018-05-24 21:48:28,969 - Left side (${logicDeleteFieldName}) of '==' operation has null value. If it is a reference, it may not be in the context or its toString() returned null. /templates/entity.java.vm[line 80, column 30]
2018-05-24 21:48:28,969 - Left side (${versionFieldName}) of '==' operation has null value. If it is a reference, it may not be in the context or its toString() returned null. /templates/entity.java.vm[line 76, column 26]
2018-05-24 21:48:28,969 - Left side (${logicDeleteFieldName}) of '==' operation has null value. If it is a reference, it may not be in the context or its toString() returned null. /templates/entity.java.vm[line 80, column 30]
2018-05-24 21:48:28,969 - Left side (${versionFieldName}) of '==' operation has null value. If it is a reference, it may not be in the context or its toString() returned null. /templates/entity.java.vm[line 76, column 26]
2018-05-24 21:48:28,969 - Left side (${logicDeleteFieldName}) of '==' operation has null value. If it is a reference, it may not be in the context or its toString() returned null. /templates/entity.java.vm[line 80, column 30]
2018-05-24 21:48:28,969 - Left side (${versionFieldName}) of '==' operation has null value. If it is a reference, it may not be in the context or its toString() returned null. /templates/entity.java.vm[line 76, column 26]
2018-05-24 21:48:28,969 - Left side (${logicDeleteFieldName}) of '==' operation has null value. If it is a reference, it may not be in the context or its toString() returned null. /templates/entity.java.vm[line 80, column 30]
2018-05-24 21:48:28,969 - Left side (${versionFieldName}) of '==' operation has null value. If it is a reference, it may not be in the context or its toString() returned null. /templates/entity.java.vm[line 76, column 26]
2018-05-24 21:48:28,969 - Left side (${logicDeleteFieldName}) of '==' operation has null value. If it is a reference, it may not be in the context or its toString() returned null. /templates/entity.java.vm[line 80, column 30]
2018-05-24 21:48:28,980 - ResourceManager : found /templates/mapper.java.vm with loader org.apache.velocity.runtime.resource.loader.ClasspathResourceLoader
2018-05-24 21:48:28,985 - ResourceManager : found /templates/mapper.xml.vm with loader org.apache.velocity.runtime.resource.loader.ClasspathResourceLoader
2018-05-24 21:48:28,989 - ResourceManager : found /templates/service.java.vm with loader org.apache.velocity.runtime.resource.loader.ClasspathResourceLoader
2018-05-24 21:48:28,994 - ResourceManager : found /templates/serviceImpl.java.vm with loader org.apache.velocity.runtime.resource.loader.ClasspathResourceLoader
2018-05-24 21:48:28,998 - ResourceManager : found /templates/controller.java.vm with loader org.apache.velocity.runtime.resource.loader.ClasspathResourceLoader
2018-05-26 00:23:19,129 - Log4JLogChute initialized using file 'velocity.log'
2018-05-26 00:23:19,129 - Initializing Velocity, Calling init()...
2018-05-26 00:23:19,129 - Starting Apache Velocity v1.7 (compiled: 2010-11-19 12:14:37)
2018-05-26 00:23:19,129 - Default Properties File: org\apache\velocity\runtime\defaults\velocity.properties
2018-05-26 00:23:19,129 - Trying to use logger class org.apache.velocity.runtime.log.AvalonLogChute
2018-05-26 00:23:19,129 - Target log system for org.apache.velocity.runtime.log.AvalonLogChute is not available (java.lang.NoClassDefFoundError: org/apache/log/format/Formatter).  Falling back to next log system...
2018-05-26 00:23:19,129 - Trying to use logger class org.apache.velocity.runtime.log.Log4JLogChute
2018-05-26 00:23:19,129 - Using logger class org.apache.velocity.runtime.log.Log4JLogChute
2018-05-26 00:23:19,134 - ResourceLoader instantiated: org.apache.velocity.runtime.resource.loader.ClasspathResourceLoader
2018-05-26 00:23:19,151 - ResourceCache: initialized (class org.apache.velocity.runtime.resource.ResourceCacheImpl) with class java.util.Collections$SynchronizedMap cache map.
2018-05-26 00:23:19,153 - Loaded System Directive: org.apache.velocity.runtime.directive.Stop
2018-05-26 00:23:19,155 - Loaded System Directive: org.apache.velocity.runtime.directive.Define
2018-05-26 00:23:19,157 - Loaded System Directive: org.apache.velocity.runtime.directive.Break
2018-05-26 00:23:19,158 - Loaded System Directive: org.apache.velocity.runtime.directive.Evaluate
2018-05-26 00:23:19,159 - Loaded System Directive: org.apache.velocity.runtime.directive.Literal
2018-05-26 00:23:19,160 - Loaded System Directive: org.apache.velocity.runtime.directive.Macro
2018-05-26 00:23:19,161 - Loaded System Directive: org.apache.velocity.runtime.directive.Parse
2018-05-26 00:23:19,162 - Loaded System Directive: org.apache.velocity.runtime.directive.Include
2018-05-26 00:23:19,163 - Loaded System Directive: org.apache.velocity.runtime.directive.Foreach
2018-05-26 00:23:19,195 - Created '20' parsers.
2018-05-26 00:23:19,201 - Velocimacro : "velocimacro.library" is not set.  Trying default library: VM_global_library.vm
2018-05-26 00:23:19,203 - Could not load resource 'VM_global_library.vm' from ResourceLoader org.apache.velocity.runtime.resource.loader.ClasspathResourceLoader: ClasspathResourceLoader Error: cannot find resource VM_global_library.vm
2018-05-26 00:23:19,203 - Velocimacro : Default library not found.
2018-05-26 00:23:19,203 - Velocimacro : allowInline = true : VMs can be defined inline in templates
2018-05-26 00:23:19,203 - Velocimacro : allowInlineToOverride = false : VMs defined inline may NOT replace previous VM definitions
2018-05-26 00:23:19,203 - Velocimacro : allowInlineLocal = false : VMs defined inline will be global in scope if allowed.
2018-05-26 00:23:19,203 - Velocimacro : autoload off : VM system will not automatically reload global library macros
2018-05-26 00:23:19,234 - ResourceManager : found /templates/entity.java.vm with loader org.apache.velocity.runtime.resource.loader.ClasspathResourceLoader
2018-05-26 00:23:19,247 - Left side (${versionFieldName}) of '==' operation has null value. If it is a reference, it may not be in the context or its toString() returned null. /templates/entity.java.vm[line 76, column 26]
2018-05-26 00:23:19,247 - Left side (${logicDeleteFieldName}) of '==' operation has null value. If it is a reference, it may not be in the context or its toString() returned null. /templates/entity.java.vm[line 80, column 30]
2018-05-26 00:23:19,247 - Left side (${versionFieldName}) of '==' operation has null value. If it is a reference, it may not be in the context or its toString() returned null. /templates/entity.java.vm[line 76, column 26]
2018-05-26 00:23:19,247 - Left side (${logicDeleteFieldName}) of '==' operation has null value. If it is a reference, it may not be in the context or its toString() returned null. /templates/entity.java.vm[line 80, column 30]
2018-05-26 00:23:19,247 - Left side (${versionFieldName}) of '==' operation has null value. If it is a reference, it may not be in the context or its toString() returned null. /templates/entity.java.vm[line 76, column 26]
2018-05-26 00:23:19,247 - Left side (${logicDeleteFieldName}) of '==' operation has null value. If it is a reference, it may not be in the context or its toString() returned null. /templates/entity.java.vm[line 80, column 30]
2018-05-26 00:23:19,247 - Left side (${versionFieldName}) of '==' operation has null value. If it is a reference, it may not be in the context or its toString() returned null. /templates/entity.java.vm[line 76, column 26]
2018-05-26 00:23:19,247 - Left side (${logicDeleteFieldName}) of '==' operation has null value. If it is a reference, it may not be in the context or its toString() returned null. /templates/entity.java.vm[line 80, column 30]
2018-05-26 00:23:19,247 - Left side (${versionFieldName}) of '==' operation has null value. If it is a reference, it may not be in the context or its toString() returned null. /templates/entity.java.vm[line 76, column 26]
2018-05-26 00:23:19,247 - Left side (${logicDeleteFieldName}) of '==' operation has null value. If it is a reference, it may not be in the context or its toString() returned null. /templates/entity.java.vm[line 80, column 30]
2018-05-26 00:23:19,247 - Left side (${versionFieldName}) of '==' operation has null value. If it is a reference, it may not be in the context or its toString() returned null. /templates/entity.java.vm[line 76, column 26]
2018-05-26 00:23:19,247 - Left side (${logicDeleteFieldName}) of '==' operation has null value. If it is a reference, it may not be in the context or its toString() returned null. /templates/entity.java.vm[line 80, column 30]
2018-05-26 00:23:19,247 - Left side (${versionFieldName}) of '==' operation has null value. If it is a reference, it may not be in the context or its toString() returned null. /templates/entity.java.vm[line 76, column 26]
2018-05-26 00:23:19,248 - Left side (${logicDeleteFieldName}) of '==' operation has null value. If it is a reference, it may not be in the context or its toString() returned null. /templates/entity.java.vm[line 80, column 30]
2018-05-26 00:23:19,254 - ResourceManager : found /templates/mapper.java.vm with loader org.apache.velocity.runtime.resource.loader.ClasspathResourceLoader
2018-05-26 00:23:19,259 - ResourceManager : found /templates/mapper.xml.vm with loader org.apache.velocity.runtime.resource.loader.ClasspathResourceLoader
2018-05-26 00:23:19,263 - ResourceManager : found /templates/service.java.vm with loader org.apache.velocity.runtime.resource.loader.ClasspathResourceLoader
2018-05-26 00:23:19,265 - ResourceManager : found /templates/serviceImpl.java.vm with loader org.apache.velocity.runtime.resource.loader.ClasspathResourceLoader
2018-05-26 00:23:19,267 - ResourceManager : found /templates/controller.java.vm with loader org.apache.velocity.runtime.resource.loader.ClasspathResourceLoader
2018-05-26 02:02:35,184 - Log4JLogChute initialized using file 'velocity.log'
2018-05-26 02:02:35,184 - Initializing Velocity, Calling init()...
2018-05-26 02:02:35,184 - Starting Apache Velocity v1.7 (compiled: 2010-11-19 12:14:37)
2018-05-26 02:02:35,184 - Default Properties File: org\apache\velocity\runtime\defaults\velocity.properties
2018-05-26 02:02:35,184 - Trying to use logger class org.apache.velocity.runtime.log.AvalonLogChute
2018-05-26 02:02:35,184 - Target log system for org.apache.velocity.runtime.log.AvalonLogChute is not available (java.lang.NoClassDefFoundError: org/apache/log/format/Formatter).  Falling back to next log system...
2018-05-26 02:02:35,184 - Trying to use logger class org.apache.velocity.runtime.log.Log4JLogChute
2018-05-26 02:02:35,184 - Using logger class org.apache.velocity.runtime.log.Log4JLogChute
2018-05-26 02:02:35,189 - ResourceLoader instantiated: org.apache.velocity.runtime.resource.loader.ClasspathResourceLoader
2018-05-26 02:02:35,209 - ResourceCache: initialized (class org.apache.velocity.runtime.resource.ResourceCacheImpl) with class java.util.Collections$SynchronizedMap cache map.
2018-05-26 02:02:35,211 - Loaded System Directive: org.apache.velocity.runtime.directive.Stop
2018-05-26 02:02:35,213 - Loaded System Directive: org.apache.velocity.runtime.directive.Define
2018-05-26 02:02:35,214 - Loaded System Directive: org.apache.velocity.runtime.directive.Break
2018-05-26 02:02:35,215 - Loaded System Directive: org.apache.velocity.runtime.directive.Evaluate
2018-05-26 02:02:35,216 - Loaded System Directive: org.apache.velocity.runtime.directive.Literal
2018-05-26 02:02:35,217 - Loaded System Directive: org.apache.velocity.runtime.directive.Macro
2018-05-26 02:02:35,218 - Loaded System Directive: org.apache.velocity.runtime.directive.Parse
2018-05-26 02:02:35,219 - Loaded System Directive: org.apache.velocity.runtime.directive.Include
2018-05-26 02:02:35,220 - Loaded System Directive: org.apache.velocity.runtime.directive.Foreach
2018-05-26 02:02:35,252 - Created '20' parsers.
2018-05-26 02:02:35,266 - Velocimacro : "velocimacro.library" is not set.  Trying default library: VM_global_library.vm
2018-05-26 02:02:35,268 - Could not load resource 'VM_global_library.vm' from ResourceLoader org.apache.velocity.runtime.resource.loader.ClasspathResourceLoader: ClasspathResourceLoader Error: cannot find resource VM_global_library.vm
2018-05-26 02:02:35,268 - Velocimacro : Default library not found.
2018-05-26 02:02:35,268 - Velocimacro : allowInline = true : VMs can be defined inline in templates
2018-05-26 02:02:35,268 - Velocimacro : allowInlineToOverride = false : VMs defined inline may NOT replace previous VM definitions
2018-05-26 02:02:35,268 - Velocimacro : allowInlineLocal = false : VMs defined inline will be global in scope if allowed.
2018-05-26 02:02:35,268 - Velocimacro : autoload off : VM system will not automatically reload global library macros
2018-05-26 02:02:35,293 - ResourceManager : found /templates/entity.java.vm with loader org.apache.velocity.runtime.resource.loader.ClasspathResourceLoader
2018-05-26 02:02:35,304 - Left side (${versionFieldName}) of '==' operation has null value. If it is a reference, it may not be in the context or its toString() returned null. /templates/entity.java.vm[line 76, column 26]
2018-05-26 02:02:35,304 - Left side (${logicDeleteFieldName}) of '==' operation has null value. If it is a reference, it may not be in the context or its toString() returned null. /templates/entity.java.vm[line 80, column 30]
2018-05-26 02:02:35,304 - Left side (${versionFieldName}) of '==' operation has null value. If it is a reference, it may not be in the context or its toString() returned null. /templates/entity.java.vm[line 76, column 26]
2018-05-26 02:02:35,305 - Left side (${logicDeleteFieldName}) of '==' operation has null value. If it is a reference, it may not be in the context or its toString() returned null. /templates/entity.java.vm[line 80, column 30]
2018-05-26 02:02:35,305 - Left side (${versionFieldName}) of '==' operation has null value. If it is a reference, it may not be in the context or its toString() returned null. /templates/entity.java.vm[line 76, column 26]
2018-05-26 02:02:35,305 - Left side (${logicDeleteFieldName}) of '==' operation has null value. If it is a reference, it may not be in the context or its toString() returned null. /templates/entity.java.vm[line 80, column 30]
2018-05-26 02:02:35,305 - Left side (${versionFieldName}) of '==' operation has null value. If it is a reference, it may not be in the context or its toString() returned null. /templates/entity.java.vm[line 76, column 26]
2018-05-26 02:02:35,305 - Left side (${logicDeleteFieldName}) of '==' operation has null value. If it is a reference, it may not be in the context or its toString() returned null. /templates/entity.java.vm[line 80, column 30]
2018-05-26 02:02:35,305 - Left side (${versionFieldName}) of '==' operation has null value. If it is a reference, it may not be in the context or its toString() returned null. /templates/entity.java.vm[line 76, column 26]
2018-05-26 02:02:35,305 - Left side (${logicDeleteFieldName}) of '==' operation has null value. If it is a reference, it may not be in the context or its toString() returned null. /templates/entity.java.vm[line 80, column 30]
2018-05-26 02:02:35,305 - Left side (${versionFieldName}) of '==' operation has null value. If it is a reference, it may not be in the context or its toString() returned null. /templates/entity.java.vm[line 76, column 26]
2018-05-26 02:02:35,305 - Left side (${logicDeleteFieldName}) of '==' operation has null value. If it is a reference, it may not be in the context or its toString() returned null. /templates/entity.java.vm[line 80, column 30]
2018-05-26 02:02:35,305 - Left side (${versionFieldName}) of '==' operation has null value. If it is a reference, it may not be in the context or its toString() returned null. /templates/entity.java.vm[line 76, column 26]
2018-05-26 02:02:35,305 - Left side (${logicDeleteFieldName}) of '==' operation has null value. If it is a reference, it may not be in the context or its toString() returned null. /templates/entity.java.vm[line 80, column 30]
2018-05-26 02:02:35,306 - Left side (${versionFieldName}) of '==' operation has null value. If it is a reference, it may not be in the context or its toString() returned null. /templates/entity.java.vm[line 76, column 26]
2018-05-26 02:02:35,306 - Left side (${logicDeleteFieldName}) of '==' operation has null value. If it is a reference, it may not be in the context or its toString() returned null. /templates/entity.java.vm[line 80, column 30]
2018-05-26 02:02:35,306 - Left side (${versionFieldName}) of '==' operation has null value. If it is a reference, it may not be in the context or its toString() returned null. /templates/entity.java.vm[line 76, column 26]
2018-05-26 02:02:35,306 - Left side (${logicDeleteFieldName}) of '==' operation has null value. If it is a reference, it may not be in the context or its toString() returned null. /templates/entity.java.vm[line 80, column 30]
2018-05-26 02:02:35,313 - ResourceManager : found /templates/mapper.java.vm with loader org.apache.velocity.runtime.resource.loader.ClasspathResourceLoader
2018-05-26 02:02:35,317 - ResourceManager : found /templates/mapper.xml.vm with loader org.apache.velocity.runtime.resource.loader.ClasspathResourceLoader
2018-05-26 02:02:35,320 - ResourceManager : found /templates/service.java.vm with loader org.apache.velocity.runtime.resource.loader.ClasspathResourceLoader
2018-05-26 02:02:35,322 - ResourceManager : found /templates/serviceImpl.java.vm with loader org.apache.velocity.runtime.resource.loader.ClasspathResourceLoader
2018-05-26 02:02:35,325 - ResourceManager : found /templates/controller.java.vm with loader org.apache.velocity.runtime.resource.loader.ClasspathResourceLoader
